#
# There is insufficient memory for the Java Runtime Environment to continue.
# Native memory allocation (malloc) failed to allocate 554592 bytes. Error detail: Chunk::new
# Possible reasons:
#   The system is out of physical RAM or swap space
#   This process is running with CompressedOops enabled, and the Java Heap may be blocking the growth of the native heap
# Possible solutions:
#   Reduce memory load on the system
#   Increase physical memory or swap space
#   Check if swap backing store is full
#   Decrease Java heap size (-Xmx/-Xms)
#   Decrease number of Java threads
#   Decrease Java thread stack sizes (-Xss)
#   Set larger code cache with -XX:ReservedCodeCacheSize=
#   JVM is running with Zero Based Compressed Oops mode in which the Java heap is
#     placed in the first 32GB address space. The Java Heap base address is the
#     maximum limit for the native heap growth. Please use -XX:HeapBaseMinAddress
#     to set the Java Heap base and to place the Java Heap above 32GB virtual address.
# This output file may be truncated or incomplete.
#
#  Out of Memory Error (arena.cpp:150), pid=30856, tid=18844
#
# JRE version: OpenJDK Runtime Environment (22.0+36) (build 22+36-2370)
# Java VM: OpenJDK 64-Bit Server VM (22+36-2370, mixed mode, sharing, tiered, compressed oops, compressed class ptrs, g1 gc, windows-amd64)
# No core dump will be written. Minidumps are not enabled by default on client versions of Windows
#

---------------  S U M M A R Y ------------

Command Line: -agentlib:jdwp=transport=dt_socket,address=127.0.0.1:50148,suspend=y,server=n -ea -Didea.test.cyclic.buffer.size=1048576 -javaagent:C:\Users\hyatagama\AppData\Local\JetBrains\IdeaIC2023.3\captureAgent\debugger-agent.jar=file:/C:/Users/hyatagama/AppData/Local/Temp/capture.props -Dfile.encoding=UTF-8 -Dsun.stdout.encoding=UTF-8 -Dsun.stderr.encoding=UTF-8 com.intellij.rt.testng.RemoteTestNGStarter -usedefaultlisteners false -socket50147 @w@C:\Users\hyatagama\AppData\Local\Temp\idea_working_dirs_testng.tmp -temp C:\Users\hyatagama\AppData\Local\Temp\idea_testng.tmp

Host: 11th Gen Intel(R) Core(TM) i5-1135G7 @ 2.40GHz, 8 cores, 15G,  Windows 10 , 64 bit Build 19041 (10.0.19041.4717)
Time: Mon Aug 26 17:29:13 2024 Sri Lanka Standard Time elapsed time: 9.926826 seconds (0d 0h 0m 9s)

---------------  T H R E A D  ---------------

Current thread (0x000002524b7338c0):  JavaThread "C2 CompilerThread0" daemon [_thread_in_native, id=18844, stack(0x000000664c600000,0x000000664c700000) (1024K)]


Current CompileTask:
C2:9926 2743       4       jdk.internal.org.objectweb.asm.Frame::execute (2305 bytes)

Stack: [0x000000664c600000,0x000000664c700000]
Native frames: (J=compiled Java code, j=interpreted, Vv=VM code, C=native code)
V  [jvm.dll+0x6e2349]  (no source info available)
V  [jvm.dll+0x874ed3]  (no source info available)
V  [jvm.dll+0x8772fe]  (no source info available)
V  [jvm.dll+0x8779d3]  (no source info available)
V  [jvm.dll+0x27fcb6]  (no source info available)
V  [jvm.dll+0xc3d0f]  (no source info available)
V  [jvm.dll+0xc3f6b]  (no source info available)
V  [jvm.dll+0x3bb05c]  (no source info available)
V  [jvm.dll+0x1df86e]  (no source info available)
V  [jvm.dll+0x247a4c]  (no source info available)
V  [jvm.dll+0x246faf]  (no source info available)
V  [jvm.dll+0x1c4e90]  (no source info available)
V  [jvm.dll+0x25699e]  (no source info available)
V  [jvm.dll+0x254c5a]  (no source info available)
V  [jvm.dll+0x3f5426]  (no source info available)
V  [jvm.dll+0x81d50b]  (no source info available)
V  [jvm.dll+0x6e09e5]  (no source info available)
C  [ucrtbase.dll+0x21bb2]  (no source info available)
C  [KERNEL32.DLL+0x17374]  (no source info available)
C  [ntdll.dll+0x4cc91]  (no source info available)


---------------  P R O C E S S  ---------------

Threads class SMR info:
_java_thread_list=0x0000025292501590, length=24, elements={
0x000002522c7cbf70, 0x000002524b717680, 0x000002524b7183a0, 0x000002524b7223c0,
0x000002524b724210, 0x000002524b724f30, 0x000002524b723b80, 0x000002524b7338c0,
0x000002524b739fb0, 0x000002524b7248a0, 0x000002524ba82110, 0x000002524babf760,
0x000002524babfdf0, 0x000002524b7262e0, 0x000002524b7255c0, 0x000002524b7234f0,
0x0000025292a36770, 0x0000025292a38ed0, 0x0000025292a39560, 0x0000025292a3a280,
0x0000025292a36e00, 0x0000025292a38840, 0x0000025292a360e0, 0x000002524b8f8a20
}

Java Threads: ( => current thread )
  0x000002522c7cbf70 JavaThread "main"                              [_thread_in_Java, id=14180, stack(0x000000664b800000,0x000000664b900000) (1024K)]
  0x000002524b717680 JavaThread "Reference Handler"          daemon [_thread_blocked, id=29804, stack(0x000000664c000000,0x000000664c100000) (1024K)]
  0x000002524b7183a0 JavaThread "Finalizer"                  daemon [_thread_blocked, id=31116, stack(0x000000664c100000,0x000000664c200000) (1024K)]
  0x000002524b7223c0 JavaThread "Signal Dispatcher"          daemon [_thread_blocked, id=9908, stack(0x000000664c200000,0x000000664c300000) (1024K)]
  0x000002524b724210 JavaThread "Attach Listener"            daemon [_thread_blocked, id=18876, stack(0x000000664c300000,0x000000664c400000) (1024K)]
  0x000002524b724f30 JavaThread "Service Thread"             daemon [_thread_blocked, id=31312, stack(0x000000664c400000,0x000000664c500000) (1024K)]
  0x000002524b723b80 JavaThread "Monitor Deflation Thread"   daemon [_thread_blocked, id=9868, stack(0x000000664c500000,0x000000664c600000) (1024K)]
=>0x000002524b7338c0 JavaThread "C2 CompilerThread0"         daemon [_thread_in_native, id=18844, stack(0x000000664c600000,0x000000664c700000) (1024K)]
  0x000002524b739fb0 JavaThread "C1 CompilerThread0"         daemon [_thread_blocked, id=27104, stack(0x000000664c700000,0x000000664c800000) (1024K)]
  0x000002524b7248a0 JavaThread "Common-Cleaner"             daemon [_thread_blocked, id=3976, stack(0x000000664c800000,0x000000664c900000) (1024K)]
  0x000002524ba82110 JavaThread "JDWP Transport Listener: dt_socket" daemon [_thread_blocked, id=20312, stack(0x000000664c900000,0x000000664ca00000) (1024K)]
  0x000002524babf760 JavaThread "JDWP Event Helper Thread"   daemon [_thread_blocked, id=13944, stack(0x000000664ca00000,0x000000664cb00000) (1024K)]
  0x000002524babfdf0 JavaThread "JDWP Command Reader"        daemon [_thread_in_native, id=25748, stack(0x000000664cb00000,0x000000664cc00000) (1024K)]
  0x000002524b7262e0 JavaThread "Notification Thread"        daemon [_thread_blocked, id=12920, stack(0x000000664cc00000,0x000000664cd00000) (1024K)]
  0x000002524b7255c0 JavaThread "ForkJoinPool.commonPool-worker-1" daemon [_thread_blocked, id=6236, stack(0x000000664d600000,0x000000664d700000) (1024K)]
  0x000002524b7234f0 JavaThread "ForkJoinPool.commonPool-worker-2" daemon [_thread_blocked, id=28428, stack(0x000000664d700000,0x000000664d800000) (1024K)]
  0x0000025292a36770 JavaThread "AsyncHttpClient-1-1"        daemon [_thread_blocked, id=30488, stack(0x000000664cd00000,0x000000664ce00000) (1024K)]
  0x0000025292a38ed0 JavaThread "Exec Default Executor"      daemon [_thread_in_native, id=28600, stack(0x000000664d900000,0x000000664da00000) (1024K)]
  0x0000025292a39560 JavaThread "Exec Stream Pumper"         daemon [_thread_in_native, id=16992, stack(0x000000664da00000,0x000000664db00000) (1024K)]
  0x0000025292a3a280 JavaThread "Exec Stream Pumper"         daemon [_thread_in_native, id=31200, stack(0x000000664db00000,0x000000664dc00000) (1024K)]
  0x0000025292a36e00 JavaThread "Driver Service Executor"    daemon [_thread_blocked, id=3424, stack(0x000000664dc00000,0x000000664dd00000) (1024K)]
  0x0000025292a38840 JavaThread "Driver Service Executor"    daemon [_thread_blocked, id=31248, stack(0x000000664dd00000,0x000000664de00000) (1024K)]
  0x0000025292a360e0 JavaThread "AsyncHttpClient-1-2"        daemon [_thread_in_native, id=27484, stack(0x000000664de00000,0x000000664df00000) (1024K)]
  0x000002524b8f8a20 JavaThread "C2 CompilerThread1"         daemon [_thread_blocked, id=12240, stack(0x000000664df00000,0x000000664e000000) (1024K)]
Total: 24

Other Threads:
  0x000002524b6fe6b0 VMThread "VM Thread"                           [id=19776, stack(0x000000664bf00000,0x000000664c000000) (1024K)]
  0x000002524b6e71a0 WatcherThread "VM Periodic Task Thread"        [id=22320, stack(0x000000664be00000,0x000000664bf00000) (1024K)]
  0x000002522c834f40 WorkerThread "GC Thread#0"                     [id=19276, stack(0x000000664b900000,0x000000664ba00000) (1024K)]
  0x00000252917a5c00 WorkerThread "GC Thread#1"                     [id=27076, stack(0x000000664cf00000,0x000000664d000000) (1024K)]
  0x00000252917a63c0 WorkerThread "GC Thread#2"                     [id=17976, stack(0x000000664d000000,0x000000664d100000) (1024K)]
  0x00000252917a6770 WorkerThread "GC Thread#3"                     [id=30072, stack(0x000000664d100000,0x000000664d200000) (1024K)]
  0x00000252917a6f30 WorkerThread "GC Thread#4"                     [id=29248, stack(0x000000664d200000,0x000000664d300000) (1024K)]
  0x0000025291fd2c80 WorkerThread "GC Thread#5"                     [id=31328, stack(0x000000664d300000,0x000000664d400000) (1024K)]
  0x000002529269f540 WorkerThread "GC Thread#6"                     [id=3488, stack(0x000000664d400000,0x000000664d500000) (1024K)]
  0x000002529269f8f0 WorkerThread "GC Thread#7"                     [id=18280, stack(0x000000664d500000,0x000000664d600000) (1024K)]
  0x000002522c845b00 ConcurrentGCThread "G1 Main Marker"            [id=17476, stack(0x000000664ba00000,0x000000664bb00000) (1024K)]
  0x000002522c846cc0 WorkerThread "G1 Conc#0"                       [id=26688, stack(0x000000664bb00000,0x000000664bc00000) (1024K)]
  0x0000025292a52780 WorkerThread "G1 Conc#1"                       [id=19636, stack(0x000000664ce00000,0x000000664cf00000) (1024K)]
  0x000002524b5b41f0 ConcurrentGCThread "G1 Refine#0"               [id=29440, stack(0x000000664bc00000,0x000000664bd00000) (1024K)]
  0x000002524b5b67a0 ConcurrentGCThread "G1 Service"                [id=21156, stack(0x000000664bd00000,0x000000664be00000) (1024K)]
Total: 15

Threads with active compile tasks:
C2 CompilerThread0  10163 2743       4       jdk.internal.org.objectweb.asm.Frame::execute (2305 bytes)
Total: 1

VM state: not at safepoint (normal execution)

VM Mutex/Monitor currently owned by a thread: None

Heap address: 0x0000000704e00000, size: 4018 MB, Compressed Oops mode: Zero based, Oop shift amount: 3

CDS archive(s) mapped at: [0x000002524c000000-0x000002524cc50000-0x000002524cc50000), size 12910592, SharedBaseAddress: 0x000002524c000000, ArchiveRelocationMode: 1.
Compressed class space mapped at: 0x000002524d000000-0x000002528d000000, reserved size: 1073741824
Narrow klass base: 0x000002524c000000, Narrow klass shift: 0, Narrow klass range: 0x41000000

GC Precious Log:
 CardTable entry size: 512
 Card Set container configuration: InlinePtr #cards 4 size 8 Array Of Cards #cards 16 size 48 Howl #buckets 8 coarsen threshold 3686 Howl Bitmap #cards 512 size 80 coarsen threshold 460 Card regions per heap region 1 cards per card region 4096
 CPUs: 8 total, 8 available
 Memory: 16064M
 Large Page Support: Disabled
 NUMA Support: Disabled
 Compressed Oops: Enabled (Zero based)
 Heap Region Size: 2M
 Heap Min Capacity: 8M
 Heap Initial Capacity: 252M
 Heap Max Capacity: 4018M
 Pre-touch: Disabled
 Parallel Workers: 8
 Concurrent Workers: 2
 Concurrent Refinement Workers: 8
 Periodic GC: Disabled

Heap:
 garbage-first heap   total reserved 4114432K, committed 61440K, used 34647K [0x0000000704e00000, 0x0000000800000000)
  region size 2048K, 8 young (16384K), 1 survivors (2048K)
 Metaspace       used 29285K, committed 29568K, reserved 1114112K
  class space    used 3530K, committed 3648K, reserved 1048576K

Heap Regions: E=young(eden), S=young(survivor), O=old, HS=humongous(starts), HC=humongous(continues), CS=collection set, F=free, TAMS=top-at-mark-start, PB=parsable bottom
|   0|0x0000000704e00000, 0x0000000705000000, 0x0000000705000000|100%| O|  |TAMS 0x0000000704e00000| PB 0x0000000704e00000| Untracked |  0
|   1|0x0000000705000000, 0x0000000705200000, 0x0000000705200000|100%| O|  |TAMS 0x0000000705000000| PB 0x0000000705000000| Untracked |  0
|   2|0x0000000705200000, 0x0000000705400000, 0x0000000705400000|100%| O|  |TAMS 0x0000000705200000| PB 0x0000000705200000| Untracked |  0
|   3|0x0000000705400000, 0x0000000705446230, 0x0000000705600000| 13%| O|Cm|TAMS 0x0000000705400000| PB 0x0000000705400000| Complete |  0
|   4|0x0000000705600000, 0x0000000705800000, 0x0000000705800000|100%| O|  |TAMS 0x0000000705600000| PB 0x0000000705600000| Untracked |  0
|   5|0x0000000705800000, 0x0000000705a00000, 0x0000000705a00000|100%| O|  |TAMS 0x0000000705800000| PB 0x0000000705800000| Untracked |  0
|   6|0x0000000705a00000, 0x0000000705c00000, 0x0000000705c00000|100%| O|  |TAMS 0x0000000705a00000| PB 0x0000000705a00000| Untracked |  0
|   7|0x0000000705c00000, 0x0000000705e00000, 0x0000000705e00000|100%| O|  |TAMS 0x0000000705c00000| PB 0x0000000705c00000| Untracked |  0
|   8|0x0000000705e00000, 0x0000000705f8fb00, 0x0000000706000000| 78%| O|  |TAMS 0x0000000705e00000| PB 0x0000000705e00000| Untracked |  0
|   9|0x0000000706000000, 0x0000000706000000, 0x0000000706200000|  0%| F|  |TAMS 0x0000000706000000| PB 0x0000000706000000| Untracked |  0
|  10|0x0000000706200000, 0x0000000706200000, 0x0000000706400000|  0%| F|  |TAMS 0x0000000706200000| PB 0x0000000706200000| Untracked |  0
|  11|0x0000000706400000, 0x0000000706600000, 0x0000000706600000|100%| S|CS|TAMS 0x0000000706400000| PB 0x0000000706400000| Complete |  0
|  12|0x0000000706600000, 0x0000000706800000, 0x0000000706800000|100%|HS|  |TAMS 0x0000000706600000| PB 0x0000000706600000| Complete |  0
|  13|0x0000000706800000, 0x0000000706a00000, 0x0000000706a00000|100%|HC|  |TAMS 0x0000000706800000| PB 0x0000000706800000| Complete |  0
|  14|0x0000000706a00000, 0x0000000706c00000, 0x0000000706c00000|100%|HC|  |TAMS 0x0000000706a00000| PB 0x0000000706a00000| Complete |  0
|  15|0x0000000706c00000, 0x0000000706c00000, 0x0000000706e00000|  0%| F|  |TAMS 0x0000000706c00000| PB 0x0000000706c00000| Untracked |  0
|  16|0x0000000706e00000, 0x0000000706e00000, 0x0000000707000000|  0%| F|  |TAMS 0x0000000706e00000| PB 0x0000000706e00000| Untracked |  0
|  17|0x0000000707000000, 0x0000000707000000, 0x0000000707200000|  0%| F|  |TAMS 0x0000000707000000| PB 0x0000000707000000| Untracked |  0
|  18|0x0000000707200000, 0x0000000707200000, 0x0000000707400000|  0%| F|  |TAMS 0x0000000707200000| PB 0x0000000707200000| Untracked |  0
|  19|0x0000000707400000, 0x0000000707400000, 0x0000000707600000|  0%| F|  |TAMS 0x0000000707400000| PB 0x0000000707400000| Untracked |  0
|  20|0x0000000707600000, 0x0000000707600000, 0x0000000707800000|  0%| F|  |TAMS 0x0000000707600000| PB 0x0000000707600000| Untracked |  0
|  21|0x0000000707800000, 0x0000000707800000, 0x0000000707a00000|  0%| F|  |TAMS 0x0000000707800000| PB 0x0000000707800000| Untracked |  0
|  22|0x0000000707a00000, 0x0000000707a00000, 0x0000000707c00000|  0%| F|  |TAMS 0x0000000707a00000| PB 0x0000000707a00000| Untracked |  0
|  97|0x0000000711000000, 0x000000071113a210, 0x0000000711200000| 61%| E|  |TAMS 0x0000000711000000| PB 0x0000000711000000| Complete |  0
|  98|0x0000000711200000, 0x0000000711400000, 0x0000000711400000|100%| E|CS|TAMS 0x0000000711200000| PB 0x0000000711200000| Complete |  0
|  99|0x0000000711400000, 0x0000000711600000, 0x0000000711600000|100%| E|CS|TAMS 0x0000000711400000| PB 0x0000000711400000| Complete |  0
| 100|0x0000000711600000, 0x0000000711800000, 0x0000000711800000|100%| E|CS|TAMS 0x0000000711600000| PB 0x0000000711600000| Complete |  0
| 101|0x0000000711800000, 0x0000000711a00000, 0x0000000711a00000|100%| E|CS|TAMS 0x0000000711800000| PB 0x0000000711800000| Complete |  0
| 124|0x0000000714600000, 0x0000000714800000, 0x0000000714800000|100%| E|CS|TAMS 0x0000000714600000| PB 0x0000000714600000| Complete |  0
| 125|0x0000000714800000, 0x00000007149ff948, 0x0000000714a00000| 99%| E|  |TAMS 0x0000000714800000| PB 0x0000000714800000| Complete |  0

Card table byte_map: [0x0000025244610000,0x0000025244df0000] _byte_map_base: 0x0000025240de9000

Marking Bits: (CMBitMap*) 0x000002522c835560
 Bits: [0x0000025244df0000, 0x0000025248cb8000)

Polling page: 0x000002522a920000

Metaspace:

Usage:
  Non-class:     25.15 MB used.
      Class:      3.45 MB used.
       Both:     28.60 MB used.

Virtual space:
  Non-class space:       64.00 MB reserved,      25.31 MB ( 40%) committed,  1 nodes.
      Class space:        1.00 GB reserved,       3.56 MB ( <1%) committed,  1 nodes.
             Both:        1.06 GB reserved,      28.88 MB (  3%) committed. 

Chunk freelists:
   Non-Class:  6.42 MB
       Class:  12.39 MB
        Both:  18.81 MB

MaxMetaspaceSize: unlimited
CompressedClassSpaceSize: 1.00 GB
Initial GC threshold: 21.00 MB
Current GC threshold: 35.25 MB
CDS: on
 - commit_granule_bytes: 65536.
 - commit_granule_words: 8192.
 - virtual_space_node_default_size: 8388608.
 - enlarge_chunks_in_place: 1.
 - use_allocation_guard: 0.


Internal statistics:

num_allocs_failed_limit: 3.
num_arena_births: 204.
num_arena_deaths: 0.
num_vsnodes_births: 2.
num_vsnodes_deaths: 0.
num_space_committed: 462.
num_space_uncommitted: 0.
num_chunks_returned_to_freelist: 3.
num_chunks_taken_from_freelist: 910.
num_chunk_merges: 3.
num_chunk_splits: 652.
num_chunks_enlarged: 549.
num_inconsistent_stats: 0.

CodeHeap 'non-profiled nmethods': size=120000Kb used=1509Kb max_used=1509Kb free=118490Kb
 bounds [0x000002523c5d0000, 0x000002523c840000, 0x0000025243b00000]
CodeHeap 'profiled nmethods': size=120000Kb used=5809Kb max_used=5809Kb free=114190Kb
 bounds [0x0000025234b00000, 0x00000252350b0000, 0x000002523c030000]
CodeHeap 'non-nmethods': size=5760Kb used=1869Kb max_used=1931Kb free=3891Kb
 bounds [0x000002523c030000, 0x000002523c2a0000, 0x000002523c5d0000]
 total_blobs=3558 nmethods=2903 adapters=559
 compilation: enabled
              stopped_count=0, restarted_count=0
 full_count=0

Compilation events (20 events):
Event: 9.916 Thread 0x000002524b739fb0 2759       3       java.util.AbstractList$Itr::hasNext (20 bytes)
Event: 9.917 Thread 0x000002524b739fb0 nmethod 2759 0x000002523506b210 code [0x000002523506b3c0, 0x000002523506b600]
Event: 9.917 Thread 0x000002524b739fb0 2760       3       java.lang.invoke.LambdaFormEditor$TransformKey::of (51 bytes)
Event: 9.917 Thread 0x000002524b739fb0 nmethod 2760 0x000002523506b710 code [0x000002523506b900, 0x000002523506bdc8]
Event: 9.917 Thread 0x000002524b739fb0 2761       3       java.lang.invoke.LambdaFormEditor$TransformKey::packedBytes (37 bytes)
Event: 9.918 Thread 0x000002524b739fb0 nmethod 2761 0x000002523506bf90 code [0x000002523506c120, 0x000002523506c230]
Event: 9.918 Thread 0x000002524b739fb0 2763       3       java.lang.invoke.DirectMethodHandle::maybeCompile (24 bytes)
Event: 9.918 Thread 0x000002524b739fb0 nmethod 2763 0x000002523506c290 code [0x000002523506c440, 0x000002523506c658]
Event: 9.918 Thread 0x000002524b739fb0 2762       3       jdk.internal.reflect.Reflection::verifyModuleAccess (24 bytes)
Event: 9.918 Thread 0x000002524b739fb0 nmethod 2762 0x000002523506c790 code [0x000002523506c9a0, 0x000002523506cee8]
Event: 9.918 Thread 0x000002524b739fb0 2764       3       sun.reflect.annotation.AnnotationType::getInstance (65 bytes)
Event: 9.918 Thread 0x000002524b739fb0 nmethod 2764 0x000002523506d190 code [0x000002523506d3a0, 0x000002523506d938]
Event: 9.918 Thread 0x000002524b739fb0 2767       3       java.lang.Class::getInterfaces (49 bytes)
Event: 9.919 Thread 0x000002524b739fb0 nmethod 2767 0x000002523506dc10 code [0x000002523506de00, 0x000002523506e2e0]
Event: 9.919 Thread 0x000002524b739fb0 2765       1       sun.reflect.annotation.AnnotationType::memberTypes (5 bytes)
Event: 9.919 Thread 0x000002524b739fb0 nmethod 2765 0x000002523c740b10 code [0x000002523c740ca0, 0x000002523c740d70]
Event: 9.919 Thread 0x000002524b739fb0 2766       1       sun.reflect.annotation.AnnotationType::memberDefaults (5 bytes)
Event: 9.919 Thread 0x000002524b739fb0 nmethod 2766 0x000002523c740e10 code [0x000002523c740fa0, 0x000002523c741070]
Event: 9.919 Thread 0x000002524b739fb0 2768       1       sun.reflect.annotation.AnnotationType::retention (5 bytes)
Event: 9.919 Thread 0x000002524b739fb0 nmethod 2768 0x000002523c741110 code [0x000002523c7412a0, 0x000002523c741370]

GC Heap History (8 events):
Event: 0.769 GC heap before
{Heap before GC invocations=0 (full 0):
 garbage-first heap   total reserved 4114432K, committed 258048K, used 22528K [0x0000000704e00000, 0x0000000800000000)
  region size 2048K, 12 young (24576K), 0 survivors (0K)
 Metaspace       used 5253K, committed 5440K, reserved 1114112K
  class space    used 539K, committed 640K, reserved 1048576K
}
Event: 0.772 GC heap after
{Heap after GC invocations=1 (full 0):
 garbage-first heap   total reserved 4114432K, committed 258048K, used 6559K [0x0000000704e00000, 0x0000000800000000)
  region size 2048K, 2 young (4096K), 2 survivors (4096K)
 Metaspace       used 5253K, committed 5440K, reserved 1114112K
  class space    used 539K, committed 640K, reserved 1048576K
}
Event: 1.231 GC heap before
{Heap before GC invocations=1 (full 0):
 garbage-first heap   total reserved 4114432K, committed 258048K, used 37279K [0x0000000704e00000, 0x0000000800000000)
  region size 2048K, 18 young (36864K), 2 survivors (4096K)
 Metaspace       used 12032K, committed 12288K, reserved 1114112K
  class space    used 1267K, committed 1408K, reserved 1048576K
}
Event: 1.234 GC heap after
{Heap after GC invocations=2 (full 0):
 garbage-first heap   total reserved 4114432K, committed 258048K, used 10496K [0x0000000704e00000, 0x0000000800000000)
  region size 2048K, 2 young (4096K), 2 survivors (4096K)
 Metaspace       used 12032K, committed 12288K, reserved 1114112K
  class space    used 1267K, committed 1408K, reserved 1048576K
}
Event: 2.826 GC heap before
{Heap before GC invocations=2 (full 0):
 garbage-first heap   total reserved 4114432K, committed 258048K, used 53504K [0x0000000704e00000, 0x0000000800000000)
  region size 2048K, 24 young (49152K), 2 survivors (4096K)
 Metaspace       used 21343K, committed 21504K, reserved 1114112K
  class space    used 2403K, committed 2496K, reserved 1048576K
}
Event: 2.832 GC heap after
{Heap after GC invocations=3 (full 0):
 garbage-first heap   total reserved 4114432K, committed 258048K, used 16092K [0x0000000704e00000, 0x0000000800000000)
  region size 2048K, 5 young (10240K), 5 survivors (10240K)
 Metaspace       used 21343K, committed 21504K, reserved 1114112K
  class space    used 2403K, committed 2496K, reserved 1048576K
}
Event: 3.171 GC heap before
{Heap before GC invocations=4 (full 0):
 garbage-first heap   total reserved 4114432K, committed 61440K, used 40668K [0x0000000704e00000, 0x0000000800000000)
  region size 2048K, 18 young (36864K), 5 survivors (10240K)
 Metaspace       used 26405K, committed 26560K, reserved 1114112K
  class space    used 3082K, committed 3136K, reserved 1048576K
}
Event: 3.178 GC heap after
{Heap after GC invocations=5 (full 0):
 garbage-first heap   total reserved 4114432K, committed 61440K, used 18263K [0x0000000704e00000, 0x0000000800000000)
  region size 2048K, 1 young (2048K), 1 survivors (2048K)
 Metaspace       used 26405K, committed 26560K, reserved 1114112K
  class space    used 3082K, committed 3136K, reserved 1048576K
}

Dll operation events (13 events):
Event: 0.023 Loaded shared library C:\Users\hyatagama\.jdks\openjdk-22\bin\java.dll
Event: 0.025 Loaded shared library C:\Users\hyatagama\.jdks\openjdk-22\bin\zip.dll
Event: 0.059 Loaded shared library C:\Users\hyatagama\.jdks\openjdk-22\bin\jsvml.dll
Event: 0.188 Loaded shared library C:\Users\hyatagama\.jdks\openjdk-22\bin\instrument.dll
Event: 0.214 Loaded shared library C:\Users\hyatagama\.jdks\openjdk-22\bin\net.dll
Event: 0.216 Loaded shared library C:\Users\hyatagama\.jdks\openjdk-22\bin\nio.dll
Event: 0.225 Loaded shared library C:\Users\hyatagama\.jdks\openjdk-22\bin\zip.dll
Event: 0.236 Loaded shared library C:\Users\hyatagama\.jdks\openjdk-22\bin\extnet.dll
Event: 0.374 Loaded shared library C:\Users\hyatagama\.jdks\openjdk-22\bin\jimage.dll
Event: 1.325 Loaded shared library C:\Users\hyatagama\.jdks\openjdk-22\bin\verify.dll
Event: 1.751 Loaded shared library C:\Users\hyatagama\.jdks\openjdk-22\bin\sunmscapi.dll
Event: 2.802 Loaded shared library C:\Users\hyatagama\.jdks\openjdk-22\bin\management.dll
Event: 2.806 Loaded shared library C:\Users\hyatagama\.jdks\openjdk-22\bin\management_ext.dll

Deoptimization events (20 events):
Event: 5.711 Thread 0x000002522c7cbf70 Uncommon trap: trap_request=0xffffffde fr.pc=0x000002523c6ac690 relative=0x0000000000001390
Event: 5.711 Thread 0x000002522c7cbf70 Uncommon trap: reason=class_check action=maybe_recompile pc=0x000002523c6ac690 method=java.io.BufferedInputStream.read1([BII)I @ 52 c2
Event: 5.711 Thread 0x000002522c7cbf70 DEOPT PACKING pc=0x000002523c6ac690 sp=0x000000664b8fe000
Event: 5.711 Thread 0x000002522c7cbf70 DEOPT UNPACKING pc=0x000002523c087da2 sp=0x000000664b8fdee8 mode 2
Event: 5.711 Thread 0x000002522c7cbf70 Uncommon trap: trap_request=0xffffffde fr.pc=0x000002523c6ac690 relative=0x0000000000001390
Event: 5.711 Thread 0x000002522c7cbf70 Uncommon trap: reason=class_check action=maybe_recompile pc=0x000002523c6ac690 method=java.io.BufferedInputStream.read1([BII)I @ 52 c2
Event: 5.711 Thread 0x000002522c7cbf70 DEOPT PACKING pc=0x000002523c6ac690 sp=0x000000664b8fe000
Event: 5.711 Thread 0x000002522c7cbf70 DEOPT UNPACKING pc=0x000002523c087da2 sp=0x000000664b8fdee8 mode 2
Event: 5.732 Thread 0x000002522c7cbf70 Uncommon trap: trap_request=0xffffff45 fr.pc=0x000002523c6ff7f4 relative=0x0000000000001174
Event: 5.732 Thread 0x000002522c7cbf70 Uncommon trap: reason=unstable_if action=reinterpret pc=0x000002523c6ff7f4 method=java.util.concurrent.ConcurrentHashMap.putVal(Ljava/lang/Object;Ljava/lang/Object;Z)Ljava/lang/Object; @ 231 c2
Event: 5.732 Thread 0x000002522c7cbf70 DEOPT PACKING pc=0x000002523c6ff7f4 sp=0x000000664b8fe2d0
Event: 5.732 Thread 0x000002522c7cbf70 DEOPT UNPACKING pc=0x000002523c087da2 sp=0x000000664b8fe250 mode 2
Event: 5.774 Thread 0x000002522c7cbf70 Uncommon trap: trap_request=0xffffffde fr.pc=0x000002523c6a6b24 relative=0x0000000000000e24
Event: 5.774 Thread 0x000002522c7cbf70 Uncommon trap: reason=class_check action=maybe_recompile pc=0x000002523c6a6b24 method=java.io.BufferedInputStream.read1([BII)I @ 52 c2
Event: 5.774 Thread 0x000002522c7cbf70 DEOPT PACKING pc=0x000002523c6a6b24 sp=0x000000664b8fe2e0
Event: 5.774 Thread 0x000002522c7cbf70 DEOPT UNPACKING pc=0x000002523c087da2 sp=0x000000664b8fe248 mode 2
Event: 5.774 Thread 0x000002522c7cbf70 Uncommon trap: trap_request=0xffffffde fr.pc=0x000002523c6a523c relative=0x000000000000053c
Event: 5.774 Thread 0x000002522c7cbf70 Uncommon trap: reason=class_check action=maybe_recompile pc=0x000002523c6a523c method=java.io.BufferedInputStream.read1([BII)I @ 52 c2
Event: 5.774 Thread 0x000002522c7cbf70 DEOPT PACKING pc=0x000002523c6a523c sp=0x000000664b8fe270
Event: 5.774 Thread 0x000002522c7cbf70 DEOPT UNPACKING pc=0x000002523c087da2 sp=0x000000664b8fe248 mode 2

Classes loaded (20 events):
Event: 9.884 Loading class org/openqa/selenium/OutputType
Event: 9.884 Loading class org/openqa/selenium/OutputType done
Event: 9.885 Loading class org/openqa/selenium/interactions/Coordinates
Event: 9.885 Loading class org/openqa/selenium/interactions/Coordinates done
Event: 9.888 Loading class java/util/AbstractList$ListItr
Event: 9.888 Loading class java/util/AbstractList$ListItr done
Event: 9.889 Loading class Pages/WelcomeModal
Event: 9.889 Loading class Pages/WelcomeModal done
Event: 9.897 Loading class Pages/PartnerSingleInvite
Event: 9.897 Loading class Pages/PartnerSingleInvite done
Event: 9.902 Loading class Pages/InvitePartnerModal
Event: 9.902 Loading class Pages/InvitePartnerModal done
Event: 9.905 Loading class Pages/InvitedPartnerSection
Event: 9.905 Loading class Pages/InvitedPartnerSection done
Event: 9.909 Loading class Pages/VerifyEmail
Event: 9.909 Loading class Pages/VerifyEmail done
Event: 9.913 Loading class Pages/PartnerRegistration
Event: 9.913 Loading class Pages/PartnerRegistration done
Event: 9.918 Loading class Pages/DashboardSection
Event: 9.918 Loading class Pages/DashboardSection done

Classes unloaded (0 events):
No events

Classes redefined (0 events):
No events

Internal exceptions (20 events):
Event: 2.778 Thread 0x000002522c7cbf70 Exception <a 'java/lang/NoClassDefFoundError'{0x00000007121d52a8}: org/apache/log4j/Priority> (0x00000007121d52a8) 
thrown [s\open\src\hotspot\share\classfile\systemDictionary.cpp, line 302]
Event: 2.953 Thread 0x000002522c7cbf70 Exception <a 'java/lang/NoSuchMethodError'{0x00000007072c4730}: 'java.lang.Object java.lang.invoke.DirectMethodHandle$Holder.invokeSpecialIFC(java.lang.Object, java.lang.Object, java.lang.Object, java.lang.Object)'> (0x00000007072c4730) 
thrown [s\open\src\hotspot\share\interpreter\linkResolver.cpp, line 774]
Event: 2.968 Thread 0x000002522c7cbf70 Exception <a 'java/lang/NoSuchMethodError'{0x00000007073cabd0}: 'java.lang.Object java.lang.invoke.DirectMethodHandle$Holder.invokeInterface(java.lang.Object, java.lang.Object, java.lang.Object)'> (0x00000007073cabd0) 
thrown [s\open\src\hotspot\share\interpreter\linkResolver.cpp, line 774]
Event: 2.968 Thread 0x000002522c7cbf70 Exception <a 'java/lang/IncompatibleClassChangeError'{0x00000007073cdfc8}: Found class java.lang.Object, but interface was expected> (0x00000007073cdfc8) 
thrown [s\open\src\hotspot\share\interpreter\linkResolver.cpp, line 841]
Event: 2.969 Thread 0x000002522c7cbf70 Exception <a 'java/lang/NoSuchMethodError'{0x00000007073d68f8}: 'int java.lang.invoke.DirectMethodHandle$Holder.invokeSpecialIFC(java.lang.Object, java.lang.Object, java.lang.Object, java.lang.Object)'> (0x00000007073d68f8) 
thrown [s\open\src\hotspot\share\interpreter\linkResolver.cpp, line 774]
Event: 3.049 Thread 0x000002522c7cbf70 Exception <a 'java/lang/NoSuchMethodError'{0x0000000706e51c70}: 'double java.lang.invoke.DirectMethodHandle$Holder.invokeVirtual(java.lang.Object, java.lang.Object)'> (0x0000000706e51c70) 
thrown [s\open\src\hotspot\share\interpreter\linkResolver.cpp, line 774]
Event: 3.049 Thread 0x000002522c7cbf70 Exception <a 'java/lang/NoSuchMethodError'{0x0000000706e57e40}: 'float java.lang.invoke.DirectMethodHandle$Holder.invokeVirtual(java.lang.Object, java.lang.Object)'> (0x0000000706e57e40) 
thrown [s\open\src\hotspot\share\interpreter\linkResolver.cpp, line 774]
Event: 3.050 Thread 0x000002522c7cbf70 Exception <a 'java/lang/NoSuchMethodError'{0x0000000706e60558}: 'long java.lang.invoke.DirectMethodHandle$Holder.invokeVirtual(java.lang.Object, java.lang.Object)'> (0x0000000706e60558) 
thrown [s\open\src\hotspot\share\interpreter\linkResolver.cpp, line 774]
Event: 3.065 Thread 0x000002522c7cbf70 Exception <a 'java/lang/NoSuchMethodError'{0x0000000706fa4c38}: 'void java.lang.invoke.DirectMethodHandle$Holder.invokeSpecial(java.lang.Object, java.lang.Object, java.lang.Object, java.lang.Object, java.lang.Object)'> (0x0000000706fa4c38) 
thrown [s\open\src\hotspot\share\interpreter\linkResolver.cpp, line 774]
Event: 3.066 Thread 0x000002522c7cbf70 Exception <a 'java/lang/NoSuchMethodError'{0x0000000706fab330}: 'void java.lang.invoke.DirectMethodHandle$Holder.invokeStatic(java.lang.Object, java.lang.Object, int)'> (0x0000000706fab330) 
thrown [s\open\src\hotspot\share\interpreter\linkResolver.cpp, line 774]
Event: 3.075 Thread 0x000002522c7cbf70 Exception <a 'java/lang/NoSuchMethodError'{0x0000000706c4e4f0}: 'java.lang.Object java.lang.invoke.DirectMethodHandle$Holder.newInvokeSpecial(java.lang.Object, java.lang.Object, java.lang.Object, java.lang.Object, java.lang.Object)'> (0x0000000706c4e4f0) 
thrown [s\open\src\hotspot\share\interpreter\linkResolver.cpp, line 774]
Event: 3.092 Thread 0x000002522c7cbf70 Exception <a 'java/lang/NoSuchMethodError'{0x0000000706ddea20}: 'int java.lang.invoke.DirectMethodHandle$Holder.invokeSpecialIFC(java.lang.Object, java.lang.Object, java.lang.Object)'> (0x0000000706ddea20) 
thrown [s\open\src\hotspot\share\interpreter\linkResolver.cpp, line 774]
Event: 3.136 Thread 0x000002522c7cbf70 Exception <a 'java/lang/NoSuchMethodError'{0x0000000706936640}: 'void java.lang.invoke.DirectMethodHandle$Holder.invokeSpecial(java.lang.Object, java.lang.Object, java.lang.Object, java.lang.Object, java.lang.Object, java.lang.Object)'> (0x0000000706936640) 
thrown [s\open\src\hotspot\share\interpreter\linkResolver.cpp, line 774]
Event: 3.144 Thread 0x000002522c7cbf70 Exception <a 'java/lang/NoSuchMethodError'{0x00000007069dd110}: 'long java.lang.invoke.DirectMethodHandle$Holder.invokeInterface(java.lang.Object, java.lang.Object)'> (0x00000007069dd110) 
thrown [s\open\src\hotspot\share\interpreter\linkResolver.cpp, line 774]
Event: 3.144 Thread 0x000002522c7cbf70 Exception <a 'java/lang/NoSuchMethodError'{0x00000007069e2558}: 'long java.lang.invoke.DelegatingMethodHandle$Holder.reinvoke_L(java.lang.Object, java.lang.Object)'> (0x00000007069e2558) 
thrown [s\open\src\hotspot\share\interpreter\linkResolver.cpp, line 774]
Event: 5.715 Thread 0x000002522c7cbf70 Exception <a 'java/lang/NoSuchMethodError'{0x000000071161ef38}: 'java.lang.Object java.lang.invoke.DirectMethodHandle$Holder.invokeSpecialIFC(java.lang.Object, java.lang.Object, java.lang.Object)'> (0x000000071161ef38) 
thrown [s\open\src\hotspot\share\interpreter\linkResolver.cpp, line 774]
Event: 5.759 Thread 0x000002522c7cbf70 Exception <a 'java/lang/IncompatibleClassChangeError'{0x00000007117cea40}: Found class java.lang.Object, but interface was expected> (0x00000007117cea40) 
thrown [s\open\src\hotspot\share\interpreter\linkResolver.cpp, line 841]
Event: 5.759 Thread 0x000002522c7cbf70 Exception <a 'java/lang/IncompatibleClassChangeError'{0x00000007117d1700}: Found class java.lang.Object, but interface was expected> (0x00000007117d1700) 
thrown [s\open\src\hotspot\share\interpreter\linkResolver.cpp, line 841]
Event: 5.760 Thread 0x000002522c7cbf70 Exception <a 'java/lang/IncompatibleClassChangeError'{0x00000007117d40f8}: Found class java.lang.Object, but interface was expected> (0x00000007117d40f8) 
thrown [s\open\src\hotspot\share\interpreter\linkResolver.cpp, line 841]
Event: 5.760 Thread 0x000002522c7cbf70 Exception <a 'java/lang/IncompatibleClassChangeError'{0x00000007117d6b20}: Found class java.lang.Object, but interface was expected> (0x00000007117d6b20) 
thrown [s\open\src\hotspot\share\interpreter\linkResolver.cpp, line 841]

ZGC Phase Switch (0 events):
No events

VM Operations (20 events):
Event: 1.920 Executing VM operation: ICBufferFull
Event: 1.920 Executing VM operation: ICBufferFull done
Event: 2.826 Executing VM operation: CollectForMetadataAllocation (Metadata GC Threshold)
Event: 2.832 Executing VM operation: CollectForMetadataAllocation (Metadata GC Threshold) done
Event: 2.838 Executing VM operation: G1PauseRemark
Event: 2.839 Executing VM operation: G1PauseRemark done
Event: 2.840 Executing VM operation: G1PauseCleanup
Event: 2.840 Executing VM operation: G1PauseCleanup done
Event: 3.098 Executing VM operation: HandshakeAllThreads (Deoptimize)
Event: 3.098 Executing VM operation: HandshakeAllThreads (Deoptimize) done
Event: 3.171 Executing VM operation: G1CollectForAllocation (G1 Evacuation Pause)
Event: 3.178 Executing VM operation: G1CollectForAllocation (G1 Evacuation Pause) done
Event: 4.185 Executing VM operation: Cleanup
Event: 4.185 Executing VM operation: Cleanup done
Event: 6.201 Executing VM operation: Cleanup
Event: 6.201 Executing VM operation: Cleanup done
Event: 9.214 Executing VM operation: Cleanup
Event: 9.214 Executing VM operation: Cleanup done
Event: 9.893 Executing VM operation: ChangeBreakpoints
Event: 9.894 Executing VM operation: ChangeBreakpoints done

Events (20 events):
Event: 0.057 Thread 0x000002524b7338c0 Thread added: 0x000002524b7338c0
Event: 0.057 Thread 0x000002524b739fb0 Thread added: 0x000002524b739fb0
Event: 0.144 Thread 0x000002524b7248a0 Thread added: 0x000002524b7248a0
Event: 0.166 Thread 0x000002524ba82110 Thread added: 0x000002524ba82110
Event: 0.166 Thread 0x000002524babf760 Thread added: 0x000002524babf760
Event: 0.167 Thread 0x000002524babfdf0 Thread added: 0x000002524babfdf0
Event: 0.205 Thread 0x000002524b7262e0 Thread added: 0x000002524b7262e0
Event: 0.491 Thread 0x000002524bc4d5b0 Thread added: 0x000002524bc4d5b0
Event: 0.550 Thread 0x0000025292241010 Thread added: 0x0000025292241010
Event: 1.083 Thread 0x000002524b7255c0 Thread added: 0x000002524b7255c0
Event: 1.087 Thread 0x000002524b7234f0 Thread added: 0x000002524b7234f0
Event: 2.150 Thread 0x0000025292241010 Thread exited: 0x0000025292241010
Event: 2.150 Thread 0x000002524bc4d5b0 Thread exited: 0x000002524bc4d5b0
Event: 2.821 Thread 0x0000025292a36770 Thread added: 0x0000025292a36770
Event: 2.977 Thread 0x0000025292a38ed0 Thread added: 0x0000025292a38ed0
Event: 2.983 Thread 0x0000025292a39560 Thread added: 0x0000025292a39560
Event: 2.983 Thread 0x0000025292a3a280 Thread added: 0x0000025292a3a280
Event: 3.042 Thread 0x0000025292a36e00 Thread added: 0x0000025292a36e00
Event: 3.042 Thread 0x0000025292a38840 Thread added: 0x0000025292a38840
Event: 3.171 Thread 0x0000025292a360e0 Thread added: 0x0000025292a360e0


Dynamic libraries:
0x00007ff7c8f80000 - 0x00007ff7c8f8e000 	C:\Users\hyatagama\.jdks\openjdk-22\bin\java.exe
0x00007ffd507f0000 - 0x00007ffd509e8000 	C:\windows\SYSTEM32\ntdll.dll
0x00007ffd4f000000 - 0x00007ffd4f0c1000 	C:\windows\System32\KERNEL32.DLL
0x00007ffd4dea0000 - 0x00007ffd4e19d000 	C:\windows\System32\KERNELBASE.dll
0x00007ffd4dad0000 - 0x00007ffd4dc1c000 	C:\Windows\system32\hmpalert.dll
0x00007ffd4e720000 - 0x00007ffd4e820000 	C:\windows\System32\ucrtbase.dll
0x00007ffd43a10000 - 0x00007ffd43a27000 	C:\Users\hyatagama\.jdks\openjdk-22\bin\jli.dll
0x00007ffd4eb80000 - 0x00007ffd4ed1d000 	C:\windows\System32\USER32.dll
0x00007ffd43a30000 - 0x00007ffd43a4b000 	C:\Users\hyatagama\.jdks\openjdk-22\bin\VCRUNTIME140.dll
0x00007ffd4e3b0000 - 0x00007ffd4e3d2000 	C:\windows\System32\win32u.dll
0x00007ffd4efc0000 - 0x00007ffd4efeb000 	C:\windows\System32\GDI32.dll
0x00007ffd4e290000 - 0x00007ffd4e3a7000 	C:\windows\System32\gdi32full.dll
0x00007ffd4e470000 - 0x00007ffd4e50d000 	C:\windows\System32\msvcp_win.dll
0x00007ffd33df0000 - 0x00007ffd3408a000 	C:\windows\WinSxS\amd64_microsoft.windows.common-controls_6595b64144ccf1df_6.0.19041.4355_none_60b8b9eb71f62e16\COMCTL32.dll
0x00007ffd4fc80000 - 0x00007ffd4fd1e000 	C:\windows\System32\msvcrt.dll
0x00007ffd4f740000 - 0x00007ffd4f76f000 	C:\windows\System32\IMM32.DLL
0x00007ffd44050000 - 0x00007ffd4405c000 	C:\Users\hyatagama\.jdks\openjdk-22\bin\vcruntime140_1.dll
0x00007ffd339d0000 - 0x00007ffd33a5e000 	C:\Users\hyatagama\.jdks\openjdk-22\bin\msvcp140.dll
0x00007ffd11500000 - 0x00007ffd12248000 	C:\Users\hyatagama\.jdks\openjdk-22\bin\server\jvm.dll
0x00007ffd50560000 - 0x00007ffd50610000 	C:\windows\System32\ADVAPI32.dll
0x00007ffd4f770000 - 0x00007ffd4f810000 	C:\windows\System32\sechost.dll
0x00007ffd50670000 - 0x00007ffd50793000 	C:\windows\System32\RPCRT4.dll
0x00007ffd4e260000 - 0x00007ffd4e287000 	C:\windows\System32\bcrypt.dll
0x00007ffd4f1c0000 - 0x00007ffd4f22b000 	C:\windows\System32\WS2_32.dll
0x00007ffd406e0000 - 0x00007ffd40707000 	C:\windows\SYSTEM32\WINMM.dll
0x00007ffd4d280000 - 0x00007ffd4d2cb000 	C:\windows\SYSTEM32\POWRPROF.dll
0x00007ffd42970000 - 0x00007ffd4297a000 	C:\windows\SYSTEM32\VERSION.dll
0x00007ffd4d140000 - 0x00007ffd4d152000 	C:\windows\SYSTEM32\UMPDC.dll
0x00007ffd4c3a0000 - 0x00007ffd4c3b2000 	C:\windows\SYSTEM32\kernel.appcore.dll
0x00007ffd43890000 - 0x00007ffd4389a000 	C:\Users\hyatagama\.jdks\openjdk-22\bin\jimage.dll
0x00007ffd4c090000 - 0x00007ffd4c274000 	C:\windows\SYSTEM32\DBGHELP.DLL
0x00007ffd40610000 - 0x00007ffd40644000 	C:\windows\SYSTEM32\dbgcore.DLL
0x00007ffd4e3e0000 - 0x00007ffd4e462000 	C:\windows\System32\bcryptPrimitives.dll
0x00007ffd435c0000 - 0x00007ffd435fc000 	C:\Users\hyatagama\.jdks\openjdk-22\bin\jdwp.dll
0x00007ffd43860000 - 0x00007ffd4386f000 	C:\Users\hyatagama\.jdks\openjdk-22\bin\instrument.dll
0x00007ffd43870000 - 0x00007ffd4388e000 	C:\Users\hyatagama\.jdks\openjdk-22\bin\java.dll
0x00007ffd4fd40000 - 0x00007ffd504af000 	C:\windows\System32\SHELL32.dll
0x00007ffd4f610000 - 0x00007ffd4f73b000 	C:\windows\System32\ole32.dll
0x00007ffd4e820000 - 0x00007ffd4eb73000 	C:\windows\System32\combase.dll
0x00007ffd43640000 - 0x00007ffd43657000 	C:\Users\hyatagama\.jdks\openjdk-22\bin\zip.dll
0x00007ffd4b7f0000 - 0x00007ffd4bf8f000 	C:\windows\SYSTEM32\windows.storage.dll
0x00007ffd4d770000 - 0x00007ffd4d79e000 	C:\windows\SYSTEM32\Wldp.dll
0x00007ffd4f3b0000 - 0x00007ffd4f47d000 	C:\windows\System32\OLEAUT32.dll
0x00007ffd504b0000 - 0x00007ffd5055d000 	C:\windows\System32\SHCORE.dll
0x00007ffd50610000 - 0x00007ffd50665000 	C:\windows\System32\shlwapi.dll
0x00007ffd4ddd0000 - 0x00007ffd4ddf4000 	C:\windows\SYSTEM32\profapi.dll
0x00007ffd316f0000 - 0x00007ffd317c7000 	C:\Users\hyatagama\.jdks\openjdk-22\bin\jsvml.dll
0x00007ffd43570000 - 0x00007ffd4357c000 	C:\Users\hyatagama\.jdks\openjdk-22\bin\dt_socket.dll
0x00007ffd4d160000 - 0x00007ffd4d19b000 	C:\windows\SYSTEM32\IPHLPAPI.DLL
0x00007ffd4d4d0000 - 0x00007ffd4d53a000 	C:\windows\system32\mswsock.dll
0x00007ffd43630000 - 0x00007ffd43640000 	C:\Users\hyatagama\.jdks\openjdk-22\bin\net.dll
0x00007ffd43450000 - 0x00007ffd43466000 	C:\Users\hyatagama\.jdks\openjdk-22\bin\nio.dll
0x00007ffd43510000 - 0x00007ffd43519000 	C:\Users\hyatagama\.jdks\openjdk-22\bin\extnet.dll
0x00007ffd4d6c0000 - 0x00007ffd4d6d8000 	C:\windows\SYSTEM32\CRYPTSP.dll
0x00007ffd4cc70000 - 0x00007ffd4cca4000 	C:\windows\system32\rsaenh.dll
0x00007ffd4dd80000 - 0x00007ffd4ddae000 	C:\windows\SYSTEM32\USERENV.dll
0x00007ffd4d6e0000 - 0x00007ffd4d6ec000 	C:\windows\SYSTEM32\CRYPTBASE.dll
0x00007ffd507a0000 - 0x00007ffd507a8000 	C:\windows\System32\NSI.dll
0x00007ffd433e0000 - 0x00007ffd433f0000 	C:\Users\hyatagama\.jdks\openjdk-22\bin\verify.dll
0x00007ffd4d1b0000 - 0x00007ffd4d27a000 	C:\windows\SYSTEM32\DNSAPI.dll
0x00007ffd42f30000 - 0x00007ffd42f3a000 	C:\Windows\System32\rasadhlp.dll
0x00007ffd46e80000 - 0x00007ffd46f00000 	C:\windows\System32\fwpuclnt.dll
0x00007ffd433f0000 - 0x00007ffd433fe000 	C:\Users\hyatagama\.jdks\openjdk-22\bin\sunmscapi.dll
0x00007ffd4e5c0000 - 0x00007ffd4e71e000 	C:\windows\System32\CRYPT32.dll
0x00007ffd4d7e0000 - 0x00007ffd4d809000 	C:\windows\SYSTEM32\ncrypt.dll
0x00007ffd4d7a0000 - 0x00007ffd4d7db000 	C:\windows\SYSTEM32\NTASN1.dll
0x00007ffd43480000 - 0x00007ffd4348a000 	C:\Users\hyatagama\.jdks\openjdk-22\bin\management.dll
0x00007ffd43440000 - 0x00007ffd4344b000 	C:\Users\hyatagama\.jdks\openjdk-22\bin\management_ext.dll
0x00007ffd4ed20000 - 0x00007ffd4ed28000 	C:\windows\System32\PSAPI.DLL
0x00007ffd328c0000 - 0x00007ffd328c7000 	C:\windows\system32\wshunix.dll
0x00007ffd26530000 - 0x00007ffd26547000 	C:\windows\system32\napinsp.dll
0x00007ffd26500000 - 0x00007ffd2651b000 	C:\windows\system32\pnrpnsp.dll
0x00007ffd47710000 - 0x00007ffd4772d000 	C:\windows\system32\NLAapi.dll
0x00007ffd264b0000 - 0x00007ffd264c2000 	C:\windows\System32\winrnr.dll

dbghelp: loaded successfully - version: 4.0.5 - missing functions: none
symbol engine: initialized successfully - sym options: 0x614 - pdb path: .;C:\Users\hyatagama\.jdks\openjdk-22\bin;C:\windows\SYSTEM32;C:\windows\WinSxS\amd64_microsoft.windows.common-controls_6595b64144ccf1df_6.0.19041.4355_none_60b8b9eb71f62e16;C:\Users\hyatagama\.jdks\openjdk-22\bin\server

VM Arguments:
jvm_args: -agentlib:jdwp=transport=dt_socket,address=127.0.0.1:50148,suspend=y,server=n -ea -Didea.test.cyclic.buffer.size=1048576 -javaagent:C:\Users\hyatagama\AppData\Local\JetBrains\IdeaIC2023.3\captureAgent\debugger-agent.jar=file:/C:/Users/hyatagama/AppData/Local/Temp/capture.props -Dfile.encoding=UTF-8 -Dsun.stdout.encoding=UTF-8 -Dsun.stderr.encoding=UTF-8 
java_command: com.intellij.rt.testng.RemoteTestNGStarter -usedefaultlisteners false -socket50147 @w@C:\Users\hyatagama\AppData\Local\Temp\idea_working_dirs_testng.tmp -temp C:\Users\hyatagama\AppData\Local\Temp\idea_testng.tmp
java_class_path (initial): C:\Program Files\JetBrains\IntelliJ IDEA Community Edition 2023.3.6\lib\idea_rt.jar;C:\Program Files\JetBrains\IntelliJ IDEA Community Edition 2023.3.6\plugins\testng\lib\testng-rt.jar;D:\development\experienz-ui-automation\target\test-classes;D:\development\experienz-ui-automation\target\classes;C:\Users\hyatagama\.m2\repository\org\seleniumhq\selenium\selenium-java\4.8.2\selenium-java-4.8.2.jar;C:\Users\hyatagama\.m2\repository\org\seleniumhq\selenium\selenium-api\4.8.2\selenium-api-4.8.2.jar;C:\Users\hyatagama\.m2\repository\org\seleniumhq\selenium\selenium-chrome-driver\4.8.2\selenium-chrome-driver-4.8.2.jar;C:\Users\hyatagama\.m2\repository\com\google\auto\service\auto-service-annotations\1.0.1\auto-service-annotations-1.0.1.jar;C:\Users\hyatagama\.m2\repository\com\google\auto\service\auto-service\1.0.1\auto-service-1.0.1.jar;C:\Users\hyatagama\.m2\repository\com\google\auto\auto-common\1.2\auto-common-1.2.jar;C:\Users\hyatagama\.m2\repository\com\google\guava\guava\31.1-jre\guava-31.1-jre.jar;C:\Users\hyatagama\.m2\repository\com\google\guava\failureaccess\1.0.1\failureaccess-1.0.1.jar;C:\Users\hyatagama\.m2\repository\com\google\guava\listenablefuture\9999.0-empty-to-avoid-conflict-with-guava\listenablefuture-9999.0-empty-to-avoid-conflict-with-guava.jar;C:\Users\hyatagama\.m2\repository\com\google\code\findbugs\jsr305\3.0.2\jsr305-3.0.2.jar;C:\Users\hyatagama\.m2\repository\org\checkerframework\checker-qual\3.12.0\checker-qual-3.12.0.jar;C:\Users\hyatagama\.m2\repository\com\google\errorprone\error_prone_annotations\2.11.0\error_prone_annotations-2.11.0.jar;C:\Users\hyatagama\.m2\repository\com\google\j2objc\j2objc-annotations\1.3\j2objc-annotations-1.3.jar;C:\Users\hyatagama\.m2\repository\org\seleniumhq\selenium\selenium-chromium-driver\4.8.2\selenium-chromium-driver-4.8.2.jar;C:\Users\hyatagama\.m2\repository\org\seleniumhq\selenium\selenium-json\4.8.2\selenium-json-4.8.2.jar;C:\Users\hyatagama\.m2\repository\org\seleniumhq\selenium\selenium-manager\4.8.2\selenium-manager-4.8.2.jar;C:\Users\hyatagama\.m2\repository\org\seleniumhq\selenium\selenium-devtools-v109\4.8.2\selenium-devtools-v109-4.8.2.jar;C:\Users\hyatagama\.m2\repository\org\seleniumhq\selenium\selenium-devtools-v110\4.8.2\selenium-devtools-v110-4.8.2.jar;C:\Users\hyatagama\.m2\repository\org\seleniumhq\selenium\selenium-devtools-v111\4.8.2\selenium-devtools-v111-4.8.2.jar;C:\Users\hyatagama\.m2\repository\org\seleniumhq\selenium\selenium-devtools-v85\4.8.2\selenium-devtools-v85-4.8.2.jar;C:\Users\hyatagama\.m2\repository\org\seleniumhq\selenium\selenium-edge-driver\4.8.2\selenium-edge-driver-4.8.2.jar;C:\Users\hyatagama\.m2\repository\org\seleniumhq\selenium\selenium-firefox-driver\4.8.2\selenium-firefox-driver-4.8.2.jar;C:\Users\hyatagama\.m2\repository\org\seleniumhq\selenium\selenium-http\4.8.2\selenium-http-4.8.2.jar;C:\Users\hyatagama\.m2\repository\dev\failsafe\failsafe\3.3.1\failsafe-3.3.1.jar;C:\Users\hyatagama\.m2\repository\org\seleniumhq\selenium\selenium-ie-driver\4.8.2\selenium-ie-driver-4.8.2.jar;C:\Users\hyatagama\.m2\repository\org\seleniumhq\selenium\selenium-remote-driver\4.8.2\selenium-remote-driver-4.8.2.jar;C:\Users\hyatagama\.m2\repository\io\netty\netty-buffer\4.1.90.Final\netty-buffer-4.1.90.Final.jar;C:\Users\hyatagama\.m2\repository\io\netty\netty-codec-http\4.1.90.Final\netty-codec-http-4.1.90.Final.jar;C:\Users\hyatagama\.m2\repository\io\netty\netty-codec\4.1.90.Final\netty-codec-4.1.90.Final.jar;C:\Users\hyatagama\.m2\repository\io\netty\netty-handler\4.1.90.Final\netty-handler-4.1.90.Final.jar;C:\Users\hyatagama\.m2\repository\io\netty\netty-common\4.1.90.Final\netty-common-4.1.90.Final.jar;C:\Users\hyatagama\.m2\repository\io\netty\netty-transport-classes-epoll\4.1.90.Final\netty-transport-classes-epoll-4.1.90.Final.jar;C:\Users\hyatagama\.m2\repository\io\netty\netty-transport-classes-kqueue\4.1.90.Final\netty-transport-classes-kqueue-4.1.90.Final.jar;C:\Users\hyatagama\.m2\repository\io\netty\netty-transport-native-epoll\4.1.90.Final\netty-transport-native-epoll-4.1.90.Final.jar;C:\Users\hyatagama\.m2\repository\io\netty\netty-transport-native-kqueue\4.1.90.Final\netty-transport-native-kqueue-4.1.90.Final.jar;C:\Users\hyatagama\.m2\repository\io\netty\netty-transport-native-unix-common\4.1.90.Final\netty-transport-native-unix-common-4.1.90.Final.jar;C:\Users\hyatagama\.m2\repository\io\netty\netty-transport\4.1.90.Final\netty-transport-4.1.90.Final.jar;C:\Users\hyatagama\.m2\repository\io\netty\netty-resolver\4.1.90.Final\netty-resolver-4.1.90.Final.jar;C:\Users\hyatagama\.m2\repository\io\opentelemetry\opentelemetry-api\1.24.0\opentelemetry-api-1.24.0.jar;C:\Users\hyatagama\.m2\repository\io\opentelemetry\opentelemetry-context\1.24.0\opentelemetry-context-1.24.0.jar;C:\Users\hyatagama\.m2\repository\io\opentelemetry\opentelemetry-exporter-logging\1.24.0\opentelemetry-exporter-logging-1.24.0.jar;C:\Users\hyatagama\.m2\repository\io\opentelemetry\opentelemetry-sdk-metrics\1.24.0\opentelemetry-sdk-metrics-1.24.0.jar;C:\Users\hyatagama\.m2\repository\io\opentelemetry\opentelemetry-sdk-logs\1.24.0-alpha\opentelemetry-sdk-logs-1.24.0-alpha.jar;C:\Users\hyatagama\.m2\repository\io\opentelemetry\opentelemetry-api-logs\1.24.0-alpha\opentelemetry-api-logs-1.24.0-alpha.jar;C:\Users\hyatagama\.m2\repository\io\opentelemetry\opentelemetry-api-events\1.24.0-alpha\opentelemetry-api-events-1.24.0-alpha.jar;C:\Users\hyatagama\.m2\repository\io\opentelemetry\opentelemetry-sdk-common\1.24.0\opentelemetry-sdk-common-1.24.0.jar;C:\Users\hyatagama\.m2\repository\io\opentelemetry\opentelemetry-sdk-extension-autoconfigure-spi\1.24.0\opentelemetry-sdk-extension-autoconfigure-spi-1.24.0.jar;C:\Users\hyatagama\.m2\repository\io\opentelemetry\opentelemetry-sdk-extension-autoconfigure\1.24.0-alpha\opentelemetry-sdk-extension-autoconfigure-1.24.0-alpha.jar;C:\Users\hyatagama\.m2\repository\io\opentelemetry\opentelemetry-sdk-trace\1.24.0\opentelemetry-sdk-trace-1.24.0.jar;C:\Users\hyatagama\.m2\repository\io\opentelemetry\opentelemetry-sdk\1.24.0\opentelemetry-sdk-1.24.0.jar;C:\Users\hyatagama\.m2\repository\io\opentelemetry\opentelemetry-semconv\1.24.0-alpha\opentelemetry-semconv-1.24.0-alpha.jar;C:\Users\hyatagama\.m2\repository\io\ous\jtoml\2.0.0\jtoml-2.0.0.jar;C:\Users\hyatagama\.m2\repository\net\bytebuddy\byte-buddy\1.14.2\byte-buddy-1.14.2.jar;C:\Users\hyatagama\.m2\repository\org\apache\commons\commons-exec\1.3\commons-exec-1.3.jar;C:\Users\hyatagama\.m2\repository\org\asynchttpclient\async-http-client\2.12.3\async-http-client-2.12.3.jar;C:\Users\hyatagama\.m2\repository\org\asynchttpclient\async-http-client-netty-utils\2.12.3\async-http-client-netty-utils-2.12.3.jar;C:\Users\hyatagama\.m2\repository\io\netty\netty-codec-socks\4.1.60.Final\netty-codec-socks-4.1.60.Final.jar;C:\Users\hyatagama\.m2\repository\io\netty\netty-handler-proxy\4.1.60.Final\netty-handler-proxy-4.1.60.Final.jar;C:\Users\hyatagama\.m2\repository\io\netty\netty-transport-native-epoll\4.1.60.Final\netty-transport-native-epoll-4.1.60.Final-linux-x86_64.jar;C:\Users\hyatagama\.m2\repository\io\netty\netty-transport-native-kqueue\4.1.60.Final\netty-transport-native-kqueue-4.1.60.Final-osx-x86_64.jar;C:\Users\hyatagama\.m2\repository\org\reactivestreams\reactive-streams\1.0.3\reactive-streams-1.0.3.jar;C:\Users\hyatagama\.m2\repository\com\typesafe\netty\netty-reactive-streams\2.0.4\netty-reactive-streams-2.0.4.jar;C:\Users\hyatagama\.m2\repository\com\sun\activation\jakarta.activation\1.2.2\jakarta.activation-1.2.2.jar;C:\Users\hyatagama\.m2\repository\org\seleniumhq\selenium\selenium-safari-driver\4.8.2\selenium-safari-driver-4.8.2.jar;C:\Users\hyatagama\.m2\repository\org\seleniumhq\selenium\selenium-support\4.8.2\selenium-support-4.8.2.jar;C:\Users\hyatagama\.m2\repository\org\testng\testng\7.4.0\testng-7.4.0.jar;C:\Users\hyatagama\.m2\repository\com\beust\jcommander\1.78\jcommander-1.78.jar;C:\Users\hyatagama\.m2\repository\org\webjars\jquery\3.5.1\jquery-3.5.1.jar;C:\Users\hyatagama\.m2\repository\io\github\bonigarcia\webdrivermanager\5.5.2\webdrivermanager-5.5.2.jar;C:\Users\hyatagama\.m2\repository\org\slf4j\slf4j-api\2.0.7\slf4j-api-2.0.7.jar;C:\Users\hyatagama\.m2\repository\com\google\code\gson\gson\2.10.1\gson-2.10.1.jar;C:\Users\hyatagama\.m2\repository\com\github\docker-java\docker-java\3.3.3\docker-java-3.3.3.jar;C:\Users\hyatagama\.m2\repository\com\github\docker-java\docker-java-core\3.3.3\docker-java-core-3.3.3.jar;C:\Users\hyatagama\.m2\repository\com\github\docker-java\docker-java-api\3.3.3\docker-java-api-3.3.3.jar;C:\Users\hyatagama\.m2\repository\org\apache\commons\commons-compress\1.21\commons-compress-1.21.jar;C:\Users\hyatagama\.m2\repository\org\bouncycastle\bcpkix-jdk18on\1.75\bcpkix-jdk18on-1.75.jar;C:\Users\hyatagama\.m2\repository\org\bouncycastle\bcprov-jdk18on\1.75\bcprov-jdk18on-1.75.jar;C:\Users\hyatagama\.m2\repository\org\bouncycastle\bcutil-jdk18on\1.75\bcutil-jdk18on-1.75.jar;C:\Users\hyatagama\.m2\repository\org\slf4j\jcl-over-slf4j\1.7.30\jcl-over-slf4j-1.7.30.jar;C:\Users\hyatagama\.m2\repository\com\github\docker-java\docker-java-transport-httpclient5\3.3.3\docker-java-transport-httpclient5-3.3.3.jar;C:\Users\hyatagama\.m2\repository\com\github\docker-java\docker-java-transport\3.3.3\docker-java-transport-3.3.3.jar;C:\Users\hyatagama\.m2\repository\net\java\dev\jna\jna\5.12.1\jna-5.12.1.jar;C:\Users\hyatagama\.m2\repository\org\brotli\dec\0.1.2\dec-0.1.2.jar;C:\Users\hyatagama\.m2\repository\org\apache\commons\commons-lang3\3.13.0\commons-lang3-3.13.0.jar;C:\Users\hyatagama\.m2\repository\org\apache\httpcomponents\client5\httpclient5\5.2.1\httpclient5-5.2.1.jar;C:\Users\hyatagama\.m2\repository\org\apache\httpcomponents\core5\httpcore5\5.2\httpcore5-5.2.jar;C:\Users\hyatagama\.m2\repository\org\apache\httpcomponents\core5\httpcore5-h2\5.2\httpcore5-h2-5.2.jar;C:\Users\hyatagama\.m2\repository\io\qameta\allure\allure-testng\2.17.2\allure-testng-2.17.2.jar;C:\Users\hyatagama\.m2\repository\io\qameta\allure\allure-java-commons\2.17.2\allure-java-commons-2.17.2.jar;C:\Users\hyatagama\.m2\repository\io\qameta\allure\allure-model\2.17.2\allure-model-2.17.2.jar;C:\Users\hyatagama\.m2\repository\io\qameta\allure\allure-test-filter\2.17.2\allure-test-filter-2.17.2.jar;C:\Users\hyatagama\.m2\repository\io\qameta\allure\allure-generator\2.8.0\allure-generator-2.8.0.jar;C:\Users\hyatagama\.m2\repository\com\fasterxml\jackson\dataformat\jackson-dataformat-xml\2.9.6\jackson-dataformat-xml-2.9.6.jar;C:\Users\hyatagama\.m2\repository\com\fasterxml\jackson\core\jackson-core\2.9.6\jackson-core-2.9.6.jar;C:\Users\hyatagama\.m2\repository\com\fasterxml\jackson\core\jackson-annotations\2.9.0\jackson-annotations-2.9.0.jar;C:\Users\hyatagama\.m2\repository\com\fasterxml\jackson\core\jackson-databind\2.9.6\jackson-databind-2.9.6.jar;C:\Users\hyatagama\.m2\repository\com\fasterxml\jackson\module\jackson-module-jaxb-annotations\2.9.6\jackson-module-jaxb-annotations-2.9.6.jar;C:\Users\hyatagama\.m2\repository\org\codehaus\woodstox\stax2-api\3.1.4\stax2-api-3.1.4.jar;C:\Users\hyatagama\.m2\repository\com\fasterxml\woodstox\woodstox-core\5.0.3\woodstox-core-5.0.3.jar;C:\Users\hyatagama\.m2\repository\com\fasterxml\jackson\dataformat\jackson-dataformat-yaml\2.9.6\jackson-dataformat-yaml-2.9.6.jar;C:\Users\hyatagama\.m2\repository\org\yaml\snakeyaml\1.18\snakeyaml-1.18.jar;C:\Users\hyatagama\.m2\repository\commons-io\commons-io\2.6\commons-io-2.6.jar;C:\Users\hyatagama\.m2\repository\io\qameta\allure\allure-plugin-api\2.8.0\allure-plugin-api-2.8.0.jar;C:\Users\hyatagama\.m2\repository\com\opencsv\opencsv\4.2\opencsv-4.2.jar;C:\Users\hyatagama\.m2\repository\org\apache\commons\commons-text\1.3\commons-text-1.3.jar;C:\Users\hyatagama\.m2\repository\commons-beanutils\commons-beanutils\1.9.3\commons-beanutils-1.9.3.jar;C:\Users\hyatagama\.m2\repository\commons-collections\commons-collections\3.2.2\commons-collections-3.2.2.jar;C:\Users\hyatagama\.m2\repository\org\apache\commons\commons-collections4\4.1\commons-collections4-4.1.jar;C:\Users\hyatagama\.m2\repository\com\vladsch\flexmark\flexmark\0.34.8\flexmark-0.34.8.jar;C:\Users\hyatagama\.m2\repository\com\vladsch\flexmark\flexmark-util\0.34.8\flexmark-util-0.34.8.jar;C:\Users\hyatagama\.m2\repository\javax\xml\bind\jaxb-api\2.3.0\jaxb-api-2.3.0.jar;C:\Users\hyatagama\.m2\repository\org\freemarker\freemarker\2.3.28\freemarker-2.3.28.jar;C:\Users\hyatagama\.m2\repository\io\qameta\allure\allure2-model-api\1.0.0\allure2-model-api-1.0.0.jar;C:\Users\hyatagama\.m2\repository\io\qameta\allure\allure2-model-pojo\1.0.0\allure2-model-pojo-1.0.0.jar;C:\Users\hyatagama\.m2\repository\io\qameta\allure\allure2-model-jackson\1.0.0\allure2-model-jackson-1.0.0.jar;C:\Users\hyatagama\.m2\repository\org\allurefw\allure1-model\1.0\allure1-model-1.0.jar;C:\Users\hyatagama\.m2\repository\ru\qatools\commons\properties\2.0.RC5\properties-2.0.RC5.jar;C:\Users\hyatagama\.m2\repository\com\github\baev\jaxb-utils\1.0\jaxb-utils-1.0.jar;C:\Users\hyatagama\.m2\repository\org\apache\httpcomponents\httpclient\4.5.6\httpclient-4.5.6.jar;C:\Users\hyatagama\.m2\repository\org\apache\httpcomponents\httpcore\4.4.10\httpcore-4.4.10.jar;C:\Users\hyatagama\.m2\repository\commons-logging\commons-logging\1.2\commons-logging-1.2.jar;C:\Users\hyatagama\.m2\repository\commons-codec\commons-codec\1.10\commons-codec-1.10.jar;C:\Users\hyatagama\.m2\repository\org\apache\tika\tika-core\1.18\tika-core-1.18.jar;C:\Users\hyatagama\.m2\repository\junit\junit\4.13.2\junit-4.13.2.jar;C:\Users\hyatagama\.m2\repository\org\hamcrest\hamcrest-core\1.3\hamcrest-core-1.3.jar
Launcher Type: SUN_STANDARD

[Global flags]
     intx CICompilerCount                          = 4                                         {product} {ergonomic}
     uint ConcGCThreads                            = 2                                         {product} {ergonomic}
     uint G1ConcRefinementThreads                  = 8                                         {product} {ergonomic}
   size_t G1HeapRegionSize                         = 2097152                                   {product} {ergonomic}
   size_t InitialHeapSize                          = 264241152                                 {product} {ergonomic}
   size_t MarkStackSize                            = 4194304                                   {product} {ergonomic}
   size_t MaxHeapSize                              = 4213178368                                {product} {ergonomic}
   size_t MaxNewSize                               = 2527068160                                {product} {ergonomic}
   size_t MinHeapDeltaBytes                        = 2097152                                   {product} {ergonomic}
   size_t MinHeapSize                              = 8388608                                   {product} {ergonomic}
    uintx NonNMethodCodeHeapSize                   = 5839372                                {pd product} {ergonomic}
    uintx NonProfiledCodeHeapSize                  = 122909434                              {pd product} {ergonomic}
    uintx ProfiledCodeHeapSize                     = 122909434                              {pd product} {ergonomic}
    uintx ReservedCodeCacheSize                    = 251658240                              {pd product} {ergonomic}
     bool SegmentedCodeCache                       = true                                      {product} {ergonomic}
   size_t SoftMaxHeapSize                          = 4213178368                             {manageable} {ergonomic}
     bool UseCompressedOops                        = true                           {product lp64_product} {ergonomic}
     bool UseG1GC                                  = true                                      {product} {ergonomic}
     bool UseLargePagesIndividualAllocation        = false                                  {pd product} {ergonomic}

Logging:
Log output configuration:
 #0: stdout all=warning uptime,level,tags foldmultilines=false
 #1: stderr all=off uptime,level,tags foldmultilines=false

Environment Variables:
JAVA_HOME=C:\Program Files\Java\jdk-22
PATH=C:\Program Files\Common Files\Oracle\Java\javapath;C:\windows\system32;C:\windows;C:\windows\System32\Wbem;C:\windows\System32\WindowsPowerShell\v1.0\;C:\windows\System32\OpenSSH\;C:\Program Files\Amazon\SessionManagerPlugin\bin\;C:\Program Files\Amazon\AWSCLIV2\;C:\Program Files\Java\bin;C:\Program Files (x86)\Java\jre-1.8\bin;C:\Program Files\Java\jdk-22\bin;C:\Users\hyatagama\AppData\Roaming\nvm;C:\Program Files\nodejs;C:\Program Files\Maven\apache-maven-3.9.8\bin;C:\Program Files\Git\cmd;C:\Program Files\k6\;C:\Tools\chromedriver_win32;C:\Users\hyatagama\AppData\Local\Microsoft\WindowsApps;C:\Program Files\JetBrains\IntelliJ IDEA Community Edition 2023.3.6\bin;;C:\Users\hyatagama\AppData\Roaming\nvm;C:\Program Files\nodejs;C:\Users\hyatagama\AppData\Local\Programs\Microsoft VS Code\bin;C:\Program Files\JetBrains\IntelliJ IDEA 2023.3.6\bin;;C:\Users\hyatagama\AppData\Local\GitHubDesktop\bin
USERNAME=hyatagama
OS=Windows_NT
PROCESSOR_IDENTIFIER=Intel64 Family 6 Model 140 Stepping 1, GenuineIntel
TMP=C:\Users\HYATAG~1\AppData\Local\Temp
TEMP=C:\Users\HYATAG~1\AppData\Local\Temp




Periodic native trim disabled

---------------  S Y S T E M  ---------------

OS:
 Windows 10 , 64 bit Build 19041 (10.0.19041.4717)
OS uptime: 4 days 7:41 hours

CPU: total 8 (initial active 8) (4 cores per cpu, 2 threads per core) family 6 model 140 stepping 1 microcode 0xb6, cx8, cmov, fxsr, ht, mmx, 3dnowpref, sse, sse2, sse3, ssse3, sse4.1, sse4.2, popcnt, lzcnt, tsc, tscinvbit, avx, avx2, aes, erms, clmul, bmi1, bmi2, adx, avx512f, avx512dq, avx512cd, avx512bw, avx512vl, sha, fma, vzeroupper, avx512_vpopcntdq, avx512_vpclmulqdq, avx512_vaes, avx512_vnni, clflush, clflushopt, clwb, avx512_vbmi2, avx512_vbmi, rdtscp, rdpid, fsrm, gfni, avx512_bitalg, f16c, pku, cet_ibt, cet_ss, avx512_ifma
Processor Information for all 8 processors :
  Max Mhz: 2419, Current Mhz: 2419, Mhz Limit: 2419

Memory: 4k page, system-wide physical 16064M (916M free)
TotalPageFile size 38023M (AvailPageFile size 3M)
current process WorkingSet (physical memory assigned to process): 184M, peak: 188M
current process commit charge ("private bytes"): 233M, peak: 393M

vm_info: OpenJDK 64-Bit Server VM (22+36-2370) for windows-amd64 JRE (22+36-2370), built on 2024-02-15T22:15:19Z by "mach5one" with MS VC++ 17.6 (VS2022)

END.
